0 info it worked if it ends with ok
1 verbose cli [ '/Users/julienvanderkluft/.nvm/versions/node/v4.2.3/bin/node',
1 verbose cli   '/Users/julienvanderkluft/.nvm/versions/node/v4.2.3/bin/npm',
1 verbose cli   'run',
1 verbose cli   'dev' ]
2 info using npm@2.14.7
3 info using node@v4.2.3
4 verbose run-script [ 'predev', 'dev', 'postdev' ]
5 info predev cozy-site@0.1.0
6 info dev cozy-site@0.1.0
7 verbose unsafe-perm in lifecycle true
8 info cozy-site@0.1.0 Failed to exec dev script
9 verbose stack Error: cozy-site@0.1.0 dev: `node output.js --dev`
9 verbose stack Exit status 1
9 verbose stack     at EventEmitter.<anonymous> (/Users/julienvanderkluft/.nvm/versions/node/v4.2.3/lib/node_modules/npm/lib/utils/lifecycle.js:214:16)
9 verbose stack     at emitTwo (events.js:87:13)
9 verbose stack     at EventEmitter.emit (events.js:172:7)
9 verbose stack     at ChildProcess.<anonymous> (/Users/julienvanderkluft/.nvm/versions/node/v4.2.3/lib/node_modules/npm/lib/utils/spawn.js:24:14)
9 verbose stack     at emitTwo (events.js:87:13)
9 verbose stack     at ChildProcess.emit (events.js:172:7)
9 verbose stack     at maybeClose (internal/child_process.js:818:16)
9 verbose stack     at Process.ChildProcess._handle.onexit (internal/child_process.js:211:5)
10 verbose pkgid cozy-site@0.1.0
11 verbose cwd /Users/julienvanderkluft/Projects/cozy/cozy-site
12 error Darwin 15.0.0
13 error argv "/Users/julienvanderkluft/.nvm/versions/node/v4.2.3/bin/node" "/Users/julienvanderkluft/.nvm/versions/node/v4.2.3/bin/npm" "run" "dev"
14 error node v4.2.3
15 error npm  v2.14.7
16 error code ELIFECYCLE
17 error cozy-site@0.1.0 dev: `node output.js --dev`
17 error Exit status 1
18 error Failed at the cozy-site@0.1.0 dev script 'node output.js --dev'.
18 error This is most likely a problem with the cozy-site package,
18 error not with npm itself.
18 error Tell the author that this fails on your system:
18 error     node output.js --dev
18 error You can get their info via:
18 error     npm owner ls cozy-site
18 error There is likely additional logging output above.
19 verbose exit [ 1, true ]
